Determining if the Fortran sgemm exists failed with the following output:
Change Dir: /home/mjs298/SCONE/SCONE/Build/CMakeFiles/CMakeTmp

Run Build Command(s):/usr/bin/make cmTC_94bf2/fast && /usr/bin/make -f CMakeFiles/cmTC_94bf2.dir/build.make CMakeFiles/cmTC_94bf2.dir/build
make[1]: Entering directory '/home/mjs298/SCONE/SCONE/Build/CMakeFiles/CMakeTmp'
Building Fortran object CMakeFiles/cmTC_94bf2.dir/testFortranCompiler.f.o
/usr/bin/gfortran   -std=f2008 -O3 -g -pedantic -Wall -Wno-unused-dummy-argument -cpp -fopenmp    -c /home/mjs298/SCONE/SCONE/Build/CMakeFiles/CMakeTmp/testFortranCompiler.f -o CMakeFiles/cmTC_94bf2.dir/testFortranCompiler.f.o
Linking Fortran executable cmTC_94bf2
/usr/bin/cmake -E cmake_link_script CMakeFiles/cmTC_94bf2.dir/link.txt --verbose=1
/usr/bin/gfortran    -std=f2008 -O3 -g -pedantic -Wall -Wno-unused-dummy-argument -cpp -fopenmp  CMakeFiles/cmTC_94bf2.dir/testFortranCompiler.f.o  -o cmTC_94bf2 
/usr/bin/ld: CMakeFiles/cmTC_94bf2.dir/testFortranCompiler.f.o: in function `main':
/home/mjs298/SCONE/SCONE/Build/CMakeFiles/CMakeTmp/testFortranCompiler.f:4: undefined reference to `sgemm_'
collect2: error: ld returned 1 exit status
make[1]: *** [CMakeFiles/cmTC_94bf2.dir/build.make:87: cmTC_94bf2] Error 1
make[1]: Leaving directory '/home/mjs298/SCONE/SCONE/Build/CMakeFiles/CMakeTmp'
make: *** [Makefile:121: cmTC_94bf2/fast] Error 2



Performing C SOURCE FILE Test CMAKE_HAVE_LIBC_PTHREAD failed with the following output:
Change Dir: /home/mjs298/SCONE/SCONE/Build/CMakeFiles/CMakeTmp

Run Build Command(s):/usr/bin/make cmTC_277f5/fast && /usr/bin/make -f CMakeFiles/cmTC_277f5.dir/build.make CMakeFiles/cmTC_277f5.dir/build
make[1]: Entering directory '/home/mjs298/SCONE/SCONE/Build/CMakeFiles/CMakeTmp'
Building C object CMakeFiles/cmTC_277f5.dir/src.c.o
/usr/bin/cc   -DCMAKE_HAVE_LIBC_PTHREAD   -o CMakeFiles/cmTC_277f5.dir/src.c.o   -c /home/mjs298/SCONE/SCONE/Build/CMakeFiles/CMakeTmp/src.c
Linking C executable cmTC_277f5
/usr/bin/cmake -E cmake_link_script CMakeFiles/cmTC_277f5.dir/link.txt --verbose=1
/usr/bin/cc  -DCMAKE_HAVE_LIBC_PTHREAD    CMakeFiles/cmTC_277f5.dir/src.c.o  -o cmTC_277f5 
/usr/bin/ld: CMakeFiles/cmTC_277f5.dir/src.c.o: in function `main':
src.c:(.text+0x46): undefined reference to `pthread_create'
/usr/bin/ld: src.c:(.text+0x52): undefined reference to `pthread_detach'
/usr/bin/ld: src.c:(.text+0x63): undefined reference to `pthread_join'
collect2: error: ld returned 1 exit status
make[1]: *** [CMakeFiles/cmTC_277f5.dir/build.make:87: cmTC_277f5] Error 1
make[1]: Leaving directory '/home/mjs298/SCONE/SCONE/Build/CMakeFiles/CMakeTmp'
make: *** [Makefile:121: cmTC_277f5/fast] Error 2


Source file was:
#include <pthread.h>

void* test_func(void* data)
{
  return data;
}

int main(void)
{
  pthread_t thread;
  pthread_create(&thread, NULL, test_func, NULL);
  pthread_detach(thread);
  pthread_join(thread, NULL);
  pthread_atfork(NULL, NULL, NULL);
  pthread_exit(NULL);

  return 0;
}

Determining if the function pthread_create exists in the pthreads failed with the following output:
Change Dir: /home/mjs298/SCONE/SCONE/Build/CMakeFiles/CMakeTmp

Run Build Command(s):/usr/bin/make cmTC_01303/fast && /usr/bin/make -f CMakeFiles/cmTC_01303.dir/build.make CMakeFiles/cmTC_01303.dir/build
make[1]: Entering directory '/home/mjs298/SCONE/SCONE/Build/CMakeFiles/CMakeTmp'
Building C object CMakeFiles/cmTC_01303.dir/CheckFunctionExists.c.o
/usr/bin/cc   -DCHECK_FUNCTION_EXISTS=pthread_create   -o CMakeFiles/cmTC_01303.dir/CheckFunctionExists.c.o   -c /usr/share/cmake-3.16/Modules/CheckFunctionExists.c
Linking C executable cmTC_01303
/usr/bin/cmake -E cmake_link_script CMakeFiles/cmTC_01303.dir/link.txt --verbose=1
/usr/bin/cc  -DCHECK_FUNCTION_EXISTS=pthread_create    CMakeFiles/cmTC_01303.dir/CheckFunctionExists.c.o  -o cmTC_01303  -lpthreads 
/usr/bin/ld: cannot find -lpthreads
collect2: error: ld returned 1 exit status
make[1]: *** [CMakeFiles/cmTC_01303.dir/build.make:87: cmTC_01303] Error 1
make[1]: Leaving directory '/home/mjs298/SCONE/SCONE/Build/CMakeFiles/CMakeTmp'
make: *** [Makefile:121: cmTC_01303/fast] Error 2



Determining if the Fortran cheev exists failed with the following output:
Change Dir: /home/mjs298/SCONE/SCONE/Build/CMakeFiles/CMakeTmp

Run Build Command(s):/usr/bin/make cmTC_cec3d/fast && /usr/bin/make -f CMakeFiles/cmTC_cec3d.dir/build.make CMakeFiles/cmTC_cec3d.dir/build
make[1]: Entering directory '/home/mjs298/SCONE/SCONE/Build/CMakeFiles/CMakeTmp'
Building Fortran object CMakeFiles/cmTC_cec3d.dir/testFortranCompiler.f.o
/usr/bin/gfortran   -std=f2008 -O3 -g -pedantic -Wall -Wno-unused-dummy-argument -cpp -fopenmp    -c /home/mjs298/SCONE/SCONE/Build/CMakeFiles/CMakeTmp/testFortranCompiler.f -o CMakeFiles/cmTC_cec3d.dir/testFortranCompiler.f.o
Linking Fortran executable cmTC_cec3d
/usr/bin/cmake -E cmake_link_script CMakeFiles/cmTC_cec3d.dir/link.txt --verbose=1
/usr/bin/gfortran    -std=f2008 -O3 -g -pedantic -Wall -Wno-unused-dummy-argument -cpp -fopenmp  CMakeFiles/cmTC_cec3d.dir/testFortranCompiler.f.o  -o cmTC_cec3d  /usr/lib/x86_64-linux-gnu/libf77blas.so /usr/lib/x86_64-linux-gnu/libatlas.so 
/usr/bin/ld: CMakeFiles/cmTC_cec3d.dir/testFortranCompiler.f.o: in function `main':
/home/mjs298/SCONE/SCONE/Build/CMakeFiles/CMakeTmp/testFortranCompiler.f:4: undefined reference to `cheev_'
collect2: error: ld returned 1 exit status
make[1]: *** [CMakeFiles/cmTC_cec3d.dir/build.make:89: cmTC_cec3d] Error 1
make[1]: Leaving directory '/home/mjs298/SCONE/SCONE/Build/CMakeFiles/CMakeTmp'
make: *** [Makefile:121: cmTC_cec3d/fast] Error 2



